C51 COMPILER V8.02   MAIN                                                                  05/06/2024 11:16:11 PAGE 1   


C51 COMPILER V8.02, COMPILATION OF MODULE MAIN
OBJECT MODULE PLACED IN main.OBJ
COMPILER INVOKED BY: C:\Keil\C51\BIN\C51.EXE main.c BROWSE DEBUG OBJECTEXTEND

line level    source

   1          #include<reg51.h> 
   2          
   3          #define led P2
   4          sbit sw1=P3^0;
   5          sbit sw2=P3^1;
   6          sbit sw3=P3^2;
   7          sbit sw4=P3^3;
   8          
   9          sbit entry = P3^4;
  10          sbit exit = P3^5;
  11          
  12          unsigned char ch[]={0xc0,0xf9,0xa4,0xb0,0x99,0x92,0x82,0xf8,0x80,0x90};
  13          void display (unsigned long int); 
  14          void sdelay (char);
  15          
  16          
  17          
  18          void sdelay (char d)
  19          {
  20   1              for(;d>0;d--);
  21   1      }
  22          
  23          void delay(int val)
  24          {
  25   1      int a,b=0;
  26   1      for(a=0;a<=val;a++)
  27   1      {
  28   2              for(b=0;b<=1000;b++);
  29   2      }
  30   1      }
  31          
  32          void display (unsigned long int n)
  33          {
  34   1              led=ch[n/1000];
  35   1              sw1=1;
  36   1              sdelay(30);
  37   1              sw1=0;
  38   1              
  39   1              led=ch[(n/100)%10];
  40   1              sw2=1;
  41   1              sdelay(30);
  42   1              sw2=0;
  43   1              
  44   1              led=ch[(n/10)%10];
  45   1              sw3=1;
  46   1              sdelay(30);
  47   1              sw3=0;
  48   1              
  49   1              led=ch[n%10];
  50   1              sw4=1;
  51   1              sdelay(30);
  52   1              sw4=0;
  53   1      }
  54          int b=200;
  55          void main()
C51 COMPILER V8.02   MAIN                                                                  05/06/2024 11:16:11 PAGE 2   

  56          {
  57   1              unsigned long int i=0;
  58   1              
  59   1              while(1)
  60   1              {
  61   2                      if(entry == 0)
  62   2                      {
  63   3                      while(entry == 0);
  64   3                      
  65   3                      i++;
  66   3                      }
  67   2                      if(exit == 0)
  68   2                      {
  69   3                      while(exit == 0);
  70   3                      i--;
  71   3                      }
  72   2      
  73   2                      display(i);
  74   2              }
  75   1      }


MODULE INFORMATION:   STATIC OVERLAYABLE
   CODE SIZE        =    281    ----
   CONSTANT SIZE    =   ----    ----
   XDATA SIZE       =   ----    ----
   PDATA SIZE       =   ----    ----
   DATA SIZE        =     12       8
   IDATA SIZE       =   ----    ----
   BIT SIZE         =   ----    ----
END OF MODULE INFORMATION.


C51 COMPILATION COMPLETE.  0 WARNING(S),  0 ERROR(S)
