C51 COMPILER V8.02   MAIN                                                                  05/03/2024 10:46:25 PAGE 1   


C51 COMPILER V8.02, COMPILATION OF MODULE MAIN
OBJECT MODULE PLACED IN main.OBJ
COMPILER INVOKED BY: C:\Keil\C51\BIN\C51.EXE main.c BROWSE DEBUG OBJECTEXTEND

line level    source

   1          #include<reg51.h>
   2          
   3          #define port2 P2
   4          #define port3 P3
   5          void delay(int val);
   6          void main()
   7          {
   8   1      
   9   1              while(1)
  10   1              {
  11   2         int i=0;
  12   2         port2 = 0x00;
  13   2         port3 = 0x00;
  14   2         for(i=0;i<=5;i++)
  15   2         {
  16   3         port2 = ~port2;
  17   3         delay(100);
  18   3         }
  19   2         for(i=0;i<=5;i++)
  20   2         {
  21   3         port3 = ~port3;
  22   3         delay(100);
  23   3         }
  24   2              }
  25   1      }
  26          
  27          void delay(int val)
  28          {
  29   1      int a,b=0;
  30   1      for(a=0;a<=val;a++)
  31   1              for(b=0;b<=1000;b++);
  32   1      }


MODULE INFORMATION:   STATIC OVERLAYABLE
   CODE SIZE        =    118    ----
   CONSTANT SIZE    =   ----    ----
   XDATA SIZE       =   ----    ----
   PDATA SIZE       =   ----    ----
   DATA SIZE        =   ----       2
   IDATA SIZE       =   ----    ----
   BIT SIZE         =   ----    ----
END OF MODULE INFORMATION.


C51 COMPILATION COMPLETE.  0 WARNING(S),  0 ERROR(S)
