C51 COMPILER V8.02   MAIN                                                                  05/07/2024 12:04:48 PAGE 1   


C51 COMPILER V8.02, COMPILATION OF MODULE MAIN
OBJECT MODULE PLACED IN main.OBJ
COMPILER INVOKED BY: C:\Keil\C51\BIN\C51.EXE main.c BROWSE DEBUG OBJECTEXTEND

line level    source

   1          #include<reg51.h>
   2          
   3          sbit in1 = P2^0;
   4          sbit in2 = P2^1;
   5          sbit in3 = P2^2;
   6          sbit in4 = P2^3;
   7          
   8          sbit ir1 = P3^0;
   9          sbit ir2 = P3^1;
  10          
  11          void front();
  12          void back();
  13          void left();
  14          void right();
  15          void stop();
  16          
  17          void main()
  18          {
  19   1              while(1)
  20   1              {
  21   2               if(ir1 == 0 && ir2 == 0)
  22   2               {
  23   3                front();
  24   3               }
  25   2               if(ir1 == 1 && ir2 == 0)
  26   2               {
  27   3                left();
  28   3               }
  29   2               if(ir1 == 0 && ir2 == 1)
  30   2               {
  31   3                right();
  32   3               }
  33   2               if(ir1 == 1 && ir2 == 1)
  34   2               {
  35   3                stop();
  36   3               }
  37   2              }
  38   1      }
  39          
  40          void front()
  41          {
  42   1       in1=1;
  43   1       in2=0;
  44   1       in3=1;
  45   1       in4=0;
  46   1      }
  47          
  48          void back()
  49          {
  50   1       in1=0;
  51   1       in2=1;
  52   1       in3=0;
  53   1       in4=1;
  54   1      }         
  55          
C51 COMPILER V8.02   MAIN                                                                  05/07/2024 12:04:48 PAGE 2   

  56          void left()
  57          {
  58   1       in1=1;
  59   1       in2=0;
  60   1       in3=0;
  61   1       in4=1;
  62   1      }
  63          
  64          void right()
  65          {
  66   1       in1=0;
  67   1       in2=1;
  68   1       in3=1;
  69   1       in4=0;
  70   1      }
  71          
  72          void stop()
  73          {
  74   1       in1=0;
  75   1       in2=0;
  76   1       in3=0;
  77   1       in4=0;
  78   1      }


MODULE INFORMATION:   STATIC OVERLAYABLE
   CODE SIZE        =     83    ----
   CONSTANT SIZE    =   ----    ----
   XDATA SIZE       =   ----    ----
   PDATA SIZE       =   ----    ----
   DATA SIZE        =   ----    ----
   IDATA SIZE       =   ----    ----
   BIT SIZE         =   ----    ----
END OF MODULE INFORMATION.


C51 COMPILATION COMPLETE.  0 WARNING(S),  0 ERROR(S)
