C51 COMPILER V8.02   MAIN                                                                  05/06/2024 15:45:01 PAGE 1   


C51 COMPILER V8.02, COMPILATION OF MODULE MAIN
OBJECT MODULE PLACED IN main.OBJ
COMPILER INVOKED BY: C:\Keil\C51\BIN\C51.EXE main.c BROWSE DEBUG OBJECTEXTEND

line level    source

   1          #include<reg51.h>
   2          
   3          #define lcd P2
   4          
   5          sbit rs = P3^0;
   6          sbit en = P3^1;
   7          
   8          void lcd_data(unsigned char ch);
   9          void lcd_cmd(unsigned char ch);
  10          void lcd_init();
  11          void delay(int val);
  12          void print(unsigned char str[]);
  13          void main()
  14          {
  15   1          lcd_init();
  16   1              while(1)
  17   1              {
  18   2                 lcd_cmd(0x01);
  19   2                 lcd_cmd(0x83);
  20   2                 print("Welcome to");
  21   2                 lcd_cmd(0xC5);
  22   2                 print(" VIIT");
  23   2                 delay(100);
  24   2              }
  25   1      
  26   1      }
  27          
  28          void lcd_cmd(unsigned char ch)
  29          {
  30   1              rs = 0;
  31   1              lcd = ch;
  32   1              en=1;
  33   1              delay(1);
  34   1              en=0;
  35   1      }
  36          
  37          
  38          
  39          
  40          void lcd_data(char ch)
  41          {
  42   1              rs=1;
  43   1              lcd = ch;
  44   1              en=1;
  45   1              delay(1);
  46   1              en=0;
  47   1      }
  48          
  49          void lcd_init()
  50          {
  51   1      lcd_cmd(0x38); //8bit 2 lines
  52   1      lcd_cmd(0x01); //to clear screen
  53   1      lcd_cmd(0x0E); //display on corsur on
  54   1      lcd_cmd(0x06);
  55   1      }
C51 COMPILER V8.02   MAIN                                                                  05/06/2024 15:45:01 PAGE 2   

  56          
  57          void delay(int val)
  58          {
  59   1       int i,j=0;
  60   1       for(i=0;i<=val;i++)
  61   1       {
  62   2         for(j=0;j<=1000;j++);
  63   2       }
  64   1      }
  65          
  66          void print(unsigned char str[])
  67          {
  68   1       int k=0;
  69   1       for(k=0;str[k]!='\0';k++)
  70   1       {
  71   2       lcd_data(str[k]);
  72   2       }
  73   1      }
  74          


MODULE INFORMATION:   STATIC OVERLAYABLE
   CODE SIZE        =    174    ----
   CONSTANT SIZE    =     17    ----
   XDATA SIZE       =   ----    ----
   PDATA SIZE       =   ----    ----
   DATA SIZE        =   ----       5
   IDATA SIZE       =   ----    ----
   BIT SIZE         =   ----    ----
END OF MODULE INFORMATION.


C51 COMPILATION COMPLETE.  0 WARNING(S),  0 ERROR(S)
