C51 COMPILER V8.02   MAIN                                                                  05/06/2024 12:17:40 PAGE 1   


C51 COMPILER V8.02, COMPILATION OF MODULE MAIN
OBJECT MODULE PLACED IN main.OBJ
COMPILER INVOKED BY: C:\Keil\C51\BIN\C51.EXE main.c BROWSE DEBUG OBJECTEXTEND

line level    source

   1          #include<reg51.h>
   2          
   3          sbit in1 = P2^0;
   4          sbit in2 = P2^1;
   5          sbit in3 = P2^2;
   6          sbit in4 = P2^3;
   7          void delay(int val);
   8          void main()
   9          {
  10   1        while(1)
  11   1        {
  12   2        in1=1; in2=0;
  13   2        in3=1; in4=0;
  14   2        delay(1000);
  15   2      
  16   2        in1=0; in2=1;
  17   2        in3=0; in4=1;
  18   2        delay(1000);
  19   2      
  20   2        in1=1; in2=0;
  21   2        in3=0; in4=1;
  22   2        delay(1000);
  23   2      
  24   2        in1=0; in2=1;
  25   2        in3=1; in4=0;
  26   2        delay(1000);
  27   2      
  28   2        in1=0; in2=0;
  29   2        in3=0; in4=0;
  30   2        delay(1000);
  31   2      
  32   2        }
  33   1      }
  34          
  35          void delay(int val)
  36          {
  37   1        int i,j=0;
  38   1        for(i=0;i<=val;i++)
  39   1        {
  40   2              for(j=0;j<=1000;j++);
  41   2        }
  42   1      }


MODULE INFORMATION:   STATIC OVERLAYABLE
   CODE SIZE        =     93    ----
   CONSTANT SIZE    =   ----    ----
   XDATA SIZE       =   ----    ----
   PDATA SIZE       =   ----    ----
   DATA SIZE        =   ----    ----
   IDATA SIZE       =   ----    ----
   BIT SIZE         =   ----    ----
END OF MODULE INFORMATION.


C51 COMPILATION COMPLETE.  0 WARNING(S),  0 ERROR(S)
